<?xml version="1.0" encoding="UTF-8"?>
<testsuite xmlns:xsi="http://www.w3.org/2001/XMLSchema-instance" xsi:noNamespaceSchemaLocation="https://maven.apache.org/surefire/maven-surefire-plugin/xsd/surefire-test-report.xsd" name="edu.berkeley.cs186.database.index.TestLeafNode" time="0.105" tests="15" errors="0" skipped="0" failures="0">
  <properties>
[...]
</properties>
  <testcase name="testScanGreaterEqual" classname="edu.berkeley.cs186.database.index.TestLeafNode" time="0"/>
  <testcase name="testGet" classname="edu.berkeley.cs186.database.index.TestLeafNode" time="0.003"/>
  <testcase name="testGetLeftmostLeaf" classname="edu.berkeley.cs186.database.index.TestLeafNode" time="0.005"/>
  <testcase name="testNoOverflowPuts" classname="edu.berkeley.cs186.database.index.TestLeafNode" time="0.005"/>
  <testcase name="testNoOverflowPutsFromDisk" classname="edu.berkeley.cs186.database.index.TestLeafNode" time="0.009"/>
  <testcase name="testOverflowPuts" classname="edu.berkeley.cs186.database.index.TestLeafNode" time="0.009"/>
  <testcase name="testSimpleRemoves" classname="edu.berkeley.cs186.database.index.TestLeafNode" time="0.009"/>
  <testcase name="testMaxOrder" classname="edu.berkeley.cs186.database.index.TestLeafNode" time="0.012"/>
  <testcase name="testToAndFromBytes" classname="edu.berkeley.cs186.database.index.TestLeafNode" time="0.009"/>
  <testcase name="testScanAll" classname="edu.berkeley.cs186.database.index.TestLeafNode" time="0.01"/>
  <testcase name="testToSexp" classname="edu.berkeley.cs186.database.index.TestLeafNode" time="0.005"/>
  <testcase name="testAbsentRemoves" classname="edu.berkeley.cs186.database.index.TestLeafNode" time="0.008"/>
  <testcase name="testDuplicatePut" classname="edu.berkeley.cs186.database.index.TestLeafNode" time="0.004"/>
  <testcase name="testNoOverflowOutOfOrderPuts" classname="edu.berkeley.cs186.database.index.TestLeafNode" time="0.005"/>
  <testcase name="testOutOfOrderRemoves" classname="edu.berkeley.cs186.database.index.TestLeafNode" time="0.005"/>
</testsuite>